Release 14.5 - xst P.58f (nt64)
Copyright (c) 1995-2012 Xilinx, Inc.  All rights reserved.
--> Parameter TMPDIR set to xst/projnav.tmp


Total REAL time to Xst completion: 0.00 secs
Total CPU time to Xst completion: 0.09 secs
 
--> Parameter xsthdpdir set to xst


Total REAL time to Xst completion: 0.00 secs
Total CPU time to Xst completion: 0.09 secs
 
--> Reading design: Forward.prj

TABLE OF CONTENTS
  1) Synthesis Options Summary
  2) HDL Parsing
  3) HDL Elaboration
  4) HDL Synthesis
       4.1) HDL Synthesis Report
  5) Advanced HDL Synthesis
       5.1) Advanced HDL Synthesis Report
  6) Low Level Synthesis
  7) Partition Report
  8) Design Summary
       8.1) Primitive and Black Box Usage
       8.2) Device utilization summary
       8.3) Partition Resource Summary
       8.4) Timing Report
            8.4.1) Clock Information
            8.4.2) Asynchronous Control Signals Information
            8.4.3) Timing Summary
            8.4.4) Timing Details
            8.4.5) Cross Clock Domains Report


=========================================================================
*                      Synthesis Options Summary                        *
=========================================================================
---- Source Parameters
Input File Name                    : "Forward.prj"
Ignore Synthesis Constraint File   : NO

---- Target Parameters
Output File Name                   : "Forward"
Output Format                      : NGC
Target Device                      : xc6slx4-3-tqg144

---- Source Options
Top Module Name                    : Forward
Automatic FSM Extraction           : YES
FSM Encoding Algorithm             : Auto
Safe Implementation                : No
FSM Style                          : LUT
RAM Extraction                     : Yes
RAM Style                          : Auto
ROM Extraction                     : Yes
Shift Register Extraction          : YES
ROM Style                          : Auto
Resource Sharing                   : YES
Asynchronous To Synchronous        : NO
Shift Register Minimum Size        : 2
Use DSP Block                      : Auto
Automatic Register Balancing       : No

---- Target Options
LUT Combining                      : Auto
Reduce Control Sets                : Auto
Add IO Buffers                     : YES
Global Maximum Fanout              : 100000
Add Generic Clock Buffer(BUFG)     : 16
Register Duplication               : YES
Optimize Instantiated Primitives   : NO
Use Clock Enable                   : Auto
Use Synchronous Set                : Auto
Use Synchronous Reset              : Auto
Pack IO Registers into IOBs        : Auto
Equivalent register Removal        : YES

---- General Options
Optimization Goal                  : Speed
Optimization Effort                : 1
Power Reduction                    : NO
Keep Hierarchy                     : No
Netlist Hierarchy                  : As_Optimized
RTL Output                         : Yes
Global Optimization                : AllClockNets
Read Cores                         : YES
Write Timing Constraints           : NO
Cross Clock Analysis               : NO
Hierarchy Separator                : /
Bus Delimiter                      : <>
Case Specifier                     : Maintain
Slice Utilization Ratio            : 100
BRAM Utilization Ratio             : 100
DSP48 Utilization Ratio            : 100
Auto BRAM Packing                  : NO
Slice Utilization Ratio Delta      : 5

=========================================================================


=========================================================================
*                          HDL Parsing                                  *
=========================================================================
Parsing VHDL file "C:\Users\Swati Reddy\.vscode\Main\Main.vhd" into library work
Parsing entity <Complete>.
Parsing architecture <Behavioral> of entity <complete>.
Parsing entity <Forward>.
Parsing architecture <Behavioral> of entity <forward>.
Parsing entity <LWT>.
Parsing architecture <Behavioral> of entity <lwt>.
Parsing entity <Split>.
Parsing architecture <Behavioral> of entity <split>.
Parsing entity <Predict>.
Parsing architecture <Behavioral> of entity <predict>.
Parsing entity <Update>.
Parsing architecture <Behavioral> of entity <update>.
Parsing entity <LWT_2>.
Parsing architecture <Behavioral> of entity <lwt_2>.
Parsing entity <Split1>.
Parsing architecture <Behavioral> of entity <split1>.
Parsing entity <Predict1>.
Parsing architecture <Behavioral> of entity <predict1>.
Parsing entity <Update1>.
Parsing architecture <Behavioral> of entity <update1>.
Parsing entity <LWT_3>.
Parsing architecture <Behavioral> of entity <lwt_3>.
Parsing entity <Split2>.
Parsing architecture <Behavioral> of entity <split2>.
Parsing entity <Predict2>.
Parsing architecture <Behavioral> of entity <predict2>.
Parsing entity <Update2>.
Parsing architecture <Behavioral> of entity <update2>.
Parsing entity <Inverse>.
Parsing architecture <Behavioral> of entity <inverse>.
Parsing entity <Two_DWT>.
Parsing architecture <Behavioral> of entity <two_dwt>.
Parsing entity <Three_IDWT>.
Parsing architecture <Behavioral> of entity <three_idwt>.
Parsing entity <Three_DWT>.
Parsing architecture <Behavioral> of entity <three_dwt>.
Parsing entity <ILWT_2>.
Parsing architecture <Behavioral> of entity <ilwt_2>.
Parsing entity <Merge1>.
Parsing architecture <Behavioral> of entity <merge1>.
Parsing entity <IPredict1>.
Parsing architecture <Behavioral> of entity <ipredict1>.
Parsing entity <IUpdate1>.
Parsing architecture <Behavioral> of entity <iupdate1>.
Parsing entity <ILWT_2>.
Parsing architecture <Behavioral> of entity <ilwt_2>.
Parsing entity <Merge1>.
Parsing architecture <Behavioral> of entity <merge1>.
Parsing entity <IPredict1>.
Parsing architecture <Behavioral> of entity <ipredict1>.
Parsing entity <IUpdate1>.
Parsing architecture <Behavioral> of entity <iupdate1>.
Parsing entity <IDWT>.
Parsing architecture <Behavioral> of entity <idwt>.
Parsing entity <Merge>.
Parsing architecture <Behavioral> of entity <merge>.
Parsing entity <IPredict>.
Parsing architecture <Behavioral> of entity <ipredict>.
Parsing entity <IUpdate>.
Parsing architecture <Behavioral> of entity <iupdate>.
Parsing entity <Two_IDWT>.
Parsing architecture <Behavioral> of entity <two_idwt>.
Parsing entity <Three_IDWT>.
Parsing architecture <Behavioral> of entity <three_idwt>.
Parsing entity <ILWT_3>.
Parsing architecture <Behavioral> of entity <ilwt_3>.
Parsing entity <Merge2>.
Parsing architecture <Behavioral> of entity <merge2>.
Parsing entity <IPredict2>.
Parsing architecture <Behavioral> of entity <ipredict2>.
Parsing entity <IUpdate2>.
Parsing architecture <Behavioral> of entity <iupdate2>.

=========================================================================
*                            HDL Elaboration                            *
=========================================================================

Elaborating entity <Forward> (architecture <Behavioral>) from library <work>.

Elaborating entity <LWT> (architecture <Behavioral>) from library <work>.

Elaborating entity <Split> (architecture <Behavioral>) from library <work>.

Elaborating entity <Predict> (architecture <Behavioral>) from library <work>.

Elaborating entity <Update> (architecture <Behavioral>) from library <work>.

Elaborating entity <Two_DWT> (architecture <Behavioral>) from library <work>.

Elaborating entity <LWT_2> (architecture <Behavioral>) from library <work>.

Elaborating entity <Split1> (architecture <Behavioral>) from library <work>.

Elaborating entity <Predict1> (architecture <Behavioral>) from library <work>.

Elaborating entity <Update1> (architecture <Behavioral>) from library <work>.

Elaborating entity <Three_DWT> (architecture <Behavioral>) from library <work>.

Elaborating entity <LWT_3> (architecture <Behavioral>) from library <work>.

Elaborating entity <Split2> (architecture <Behavioral>) from library <work>.

Elaborating entity <Predict2> (architecture <Behavioral>) from library <work>.

Elaborating entity <Update2> (architecture <Behavioral>) from library <work>.

=========================================================================
*                           HDL Synthesis                               *
=========================================================================

Synthesizing Unit <Forward>.
    Related source file is "C:\Users\Swati Reddy\.vscode\Main\Main.vhd".
    Summary:
	no macro.
Unit <Forward> synthesized.

Synthesizing Unit <LWT>.
    Related source file is "C:\Users\Swati Reddy\.vscode\Main\Main.vhd".
    Summary:
	no macro.
Unit <LWT> synthesized.

Synthesizing Unit <Split>.
    Related source file is "C:\Users\Swati Reddy\.vscode\Main\Main.vhd".
    Found 8-bit register for signal <Odd>.
    Found 8-bit register for signal <Even>.
    Summary:
	inferred  16 D-type flip-flop(s).
Unit <Split> synthesized.

Synthesizing Unit <Predict>.
    Related source file is "C:\Users\Swati Reddy\.vscode\Main\Main.vhd".
    Register <Cout> equivalent to <Pout> has been removed
    Found 8-bit register for signal <Pout>.
    Found 8-bit subtractor for signal <Even[7]_Odd[7]_sub_2_OUT<7:0>> created at line 481.
    Summary:
	inferred   1 Adder/Subtractor(s).
	inferred   8 D-type flip-flop(s).
Unit <Predict> synthesized.

Synthesizing Unit <Update>.
    Related source file is "C:\Users\Swati Reddy\.vscode\Main\Main.vhd".
WARNING:Xst:647 - Input <Cout<0:0>> is never used. This port will be preserved and left unconnected if it belongs to a top-level block or it belongs to a sub-block and the hierarchy of this sub-block is preserved.
    Found 8-bit register for signal <Uout>.
    Summary:
	inferred   8 D-type flip-flop(s).
Unit <Update> synthesized.

Synthesizing Unit <Two_DWT>.
    Related source file is "C:\Users\Swati Reddy\.vscode\Main\Main.vhd".
    Summary:
	no macro.
Unit <Two_DWT> synthesized.

Synthesizing Unit <LWT_2>.
    Related source file is "C:\Users\Swati Reddy\.vscode\Main\Main.vhd".
    Summary:
	no macro.
Unit <LWT_2> synthesized.

Synthesizing Unit <Split1>.
    Related source file is "C:\Users\Swati Reddy\.vscode\Main\Main.vhd".
    Found 4-bit register for signal <Odd>.
    Found 4-bit register for signal <Even>.
    Summary:
	inferred   8 D-type flip-flop(s).
Unit <Split1> synthesized.

Synthesizing Unit <Predict1>.
    Related source file is "C:\Users\Swati Reddy\.vscode\Main\Main.vhd".
    Register <Cout> equivalent to <Pout> has been removed
    Found 4-bit register for signal <Pout>.
    Found 4-bit subtractor for signal <Even[3]_Odd[3]_sub_2_OUT<3:0>> created at line 800.
    Summary:
	inferred   1 Adder/Subtractor(s).
	inferred   4 D-type flip-flop(s).
Unit <Predict1> synthesized.

Synthesizing Unit <Update1>.
    Related source file is "C:\Users\Swati Reddy\.vscode\Main\Main.vhd".
WARNING:Xst:647 - Input <Cout<0:0>> is never used. This port will be preserved and left unconnected if it belongs to a top-level block or it belongs to a sub-block and the hierarchy of this sub-block is preserved.
    Found 4-bit register for signal <Uout>.
    Summary:
	inferred   4 D-type flip-flop(s).
Unit <Update1> synthesized.

Synthesizing Unit <Three_DWT>.
    Related source file is "C:\Users\Swati Reddy\.vscode\Main\Main.vhd".
    Summary:
	no macro.
Unit <Three_DWT> synthesized.

Synthesizing Unit <LWT_3>.
    Related source file is "C:\Users\Swati Reddy\.vscode\Main\Main.vhd".
    Summary:
	no macro.
Unit <LWT_3> synthesized.

Synthesizing Unit <Split2>.
    Related source file is "C:\Users\Swati Reddy\.vscode\Main\Main.vhd".
    Found 2-bit register for signal <Odd>.
    Found 2-bit register for signal <Even>.
    Summary:
	inferred   4 D-type flip-flop(s).
Unit <Split2> synthesized.

Synthesizing Unit <Predict2>.
    Related source file is "C:\Users\Swati Reddy\.vscode\Main\Main.vhd".
    Register <Cout> equivalent to <Pout> has been removed
    Found 2-bit register for signal <Pout>.
    Found 2-bit subtractor for signal <GND_20_o_GND_20_o_sub_2_OUT<1:0>> created at line 1114.
    Summary:
	inferred   1 Adder/Subtractor(s).
	inferred   2 D-type flip-flop(s).
Unit <Predict2> synthesized.

Synthesizing Unit <Update2>.
    Related source file is "C:\Users\Swati Reddy\.vscode\Main\Main.vhd".
WARNING:Xst:647 - Input <Cout<0:0>> is never used. This port will be preserved and left unconnected if it belongs to a top-level block or it belongs to a sub-block and the hierarchy of this sub-block is preserved.
    Found 2-bit register for signal <Uout>.
    Summary:
	inferred   2 D-type flip-flop(s).
Unit <Update2> synthesized.

=========================================================================
HDL Synthesis Report

Macro Statistics
# Adders/Subtractors                                   : 7
 2-bit subtractor                                      : 4
 4-bit subtractor                                      : 2
 8-bit subtractor                                      : 1
# Registers                                            : 28
 2-bit register                                        : 16
 4-bit register                                        : 8
 8-bit register                                        : 4
# Xors                                                 : 7
 1-bit xor2                                            : 4
 3-bit xor2                                            : 2
 7-bit xor2                                            : 1

=========================================================================

=========================================================================
*                       Advanced HDL Synthesis                          *
=========================================================================


=========================================================================
Advanced HDL Synthesis Report

Macro Statistics
# Adders/Subtractors                                   : 7
 2-bit subtractor                                      : 4
 4-bit subtractor                                      : 2
 8-bit subtractor                                      : 1
# Registers                                            : 96
 Flip-Flops                                            : 96
# Xors                                                 : 7
 1-bit xor2                                            : 4
 3-bit xor2                                            : 2
 7-bit xor2                                            : 1

=========================================================================

=========================================================================
*                         Low Level Synthesis                           *
=========================================================================

Optimizing unit <Forward> ...

Optimizing unit <Split> ...

Optimizing unit <Predict> ...

Optimizing unit <Update> ...

Optimizing unit <Split1> ...

Mapping all equations...
Building and optimizing final netlist ...
Found area constraint ratio of 100 (+ 5) on block Forward, actual ratio is 5.

Final Macro Processing ...

=========================================================================
Final Register Report

Macro Statistics
# Registers                                            : 96
 Flip-Flops                                            : 96

=========================================================================

=========================================================================
*                           Partition Report                            *
=========================================================================

Partition Implementation Status
-------------------------------

  No Partitions were found in this design.

-------------------------------

=========================================================================
*                            Design Summary                             *
=========================================================================

Top Level Output File Name         : Forward.ngc

Primitive and Black Box Usage:
------------------------------
# BELS                             : 60
#      LUT2                        : 32
#      LUT4                        : 8
#      LUT5                        : 2
#      LUT6                        : 2
#      MUXCY                       : 7
#      VCC                         : 1
#      XORCY                       : 8
# FlipFlops/Latches                : 96
#      FDC                         : 96
# Clock Buffers                    : 1
#      BUFGP                       : 1
# IO Buffers                       : 34
#      IBUF                        : 18
#      OBUF                        : 16

Device utilization summary:
---------------------------

Selected Device : 6slx4tqg144-3 


Slice Logic Utilization: 
 Number of Slice Registers:              96  out of   4800     2%  
 Number of Slice LUTs:                   44  out of   2400     1%  
    Number used as Logic:                44  out of   2400     1%  

Slice Logic Distribution: 
 Number of LUT Flip Flop pairs used:     99
   Number with an unused Flip Flop:       3  out of     99     3%  
   Number with an unused LUT:            55  out of     99    55%  
   Number of fully used LUT-FF pairs:    41  out of     99    41%  
   Number of unique control sets:         1

IO Utilization: 
 Number of IOs:                          35
 Number of bonded IOBs:                  35  out of    102    34%  

Specific Feature Utilization:
 Number of BUFG/BUFGCTRL/BUFHCEs:         1  out of     16     6%  

---------------------------
Partition Resource Summary:
---------------------------

  No Partitions were found in this design.

---------------------------


=========================================================================
Timing Report

NOTE: THESE TIMING NUMBERS ARE ONLY A SYNTHESIS ESTIMATE.
      FOR ACCURATE TIMING INFORMATION PLEASE REFER TO THE TRACE REPORT
      GENERATED AFTER PLACE-and-ROUTE.

Clock Information:
------------------
-----------------------------------+------------------------+-------+
Clock Signal                       | Clock buffer(FF name)  | Load  |
-----------------------------------+------------------------+-------+
Clock                              | BUFGP                  | 96    |
-----------------------------------+------------------------+-------+

Asynchronous Control Signals Information:
----------------------------------------
No asynchronous control signals found in this design

Timing Summary:
---------------
Speed Grade: -3

   Minimum period: 2.450ns (Maximum Frequency: 408.097MHz)
   Minimum input arrival time before clock: 4.389ns
   Maximum output required time after clock: 3.634ns
   Maximum combinational path delay: No path found

Timing Details:
---------------
All values displayed in nanoseconds (ns)

=========================================================================
Timing constraint: Default period analysis for Clock 'Clock'
  Clock period: 2.450ns (frequency: 408.097MHz)
  Total number of paths / destination ports: 237 / 80
-------------------------------------------------------------------------
Delay:               2.450ns (Levels of Logic = 2)
  Source:            D2/P1/M1/Odd_0 (FF)
  Destination:       D2/P1/M2/Pout_3 (FF)
  Source Clock:      Clock rising
  Destination Clock: Clock rising

  Data Path: D2/P1/M1/Odd_0 to D2/P1/M2/Pout_3
                                Gate     Net
    Cell:in->out      fanout   Delay   Delay  Logical Name (Net Name)
    ----------------------------------------  ------------
     FDC:C->Q              4   0.447   0.912  D2/P1/M1/Odd_0 (D2/P1/M1/Odd_0)
     LUT4:I1->O            1   0.205   0.580  D2/P1/M2/Msub_Even[3]_Odd[3]_sub_2_OUT<3:0>_xor<3>11_SW0 (N12)
     LUT5:I4->O            1   0.205   0.000  D2/P1/M2/Msub_Even[3]_Odd[3]_sub_2_OUT<3:0>_xor<3>11 (D2/P1/M2/Even[3]_Odd[3]_sub_2_OUT<3>)
     FDC:D                     0.102          D2/P1/M2/Pout_3
    ----------------------------------------
    Total                      2.450ns (0.959ns logic, 1.491ns route)
                                       (39.1% logic, 60.9% route)

=========================================================================
Timing constraint: Default OFFSET IN BEFORE for Clock 'Clock'
  Total number of paths / destination ports: 208 / 112
-------------------------------------------------------------------------
Offset:              4.389ns (Levels of Logic = 2)
  Source:            Start (PAD)
  Destination:       D2/P1/M2/Pout_3 (FF)
  Destination Clock: Clock rising

  Data Path: Start to D2/P1/M2/Pout_3
                                Gate     Net
    Cell:in->out      fanout   Delay   Delay  Logical Name (Net Name)
    ----------------------------------------  ------------
     IBUF:I->O             1   1.222   0.684  Start_IBUF (Start_IBUF)
     LUT2:I0->O           96   0.203   1.850  D2/P1/M2/Start_Reset_OR_5_o1 (D2/P1/M2/Start_Reset_OR_5_o)
     FDC:CLR                   0.430          D2/P1/M2/Pout_0
    ----------------------------------------
    Total                      4.389ns (1.855ns logic, 2.534ns route)
                                       (42.3% logic, 57.7% route)

=========================================================================
Timing constraint: Default OFFSET OUT AFTER for Clock 'Clock'
  Total number of paths / destination ports: 16 / 16
-------------------------------------------------------------------------
Offset:              3.634ns (Levels of Logic = 1)
  Source:            D3/LU/M2/Pout_1 (FF)
  Destination:       LLH<1> (PAD)
  Source Clock:      Clock rising

  Data Path: D3/LU/M2/Pout_1 to LLH<1>
                                Gate     Net
    Cell:in->out      fanout   Delay   Delay  Logical Name (Net Name)
    ----------------------------------------  ------------
     FDC:C->Q              2   0.447   0.616  D3/LU/M2/Pout_1 (D3/LU/M2/Pout_1)
     OBUF:I->O                 2.571          LLH_1_OBUF (LLH<1>)
    ----------------------------------------
    Total                      3.634ns (3.018ns logic, 0.616ns route)
                                       (83.0% logic, 17.0% route)

=========================================================================

Cross Clock Domains Report:
--------------------------

Clock to Setup on destination clock Clock
---------------+---------+---------+---------+---------+
               | Src:Rise| Src:Fall| Src:Rise| Src:Fall|
Source Clock   |Dest:Rise|Dest:Rise|Dest:Fall|Dest:Fall|
---------------+---------+---------+---------+---------+
Clock          |    2.450|         |         |         |
---------------+---------+---------+---------+---------+

=========================================================================


Total REAL time to Xst completion: 4.00 secs
Total CPU time to Xst completion: 4.33 secs
 
--> 

Total memory usage is 4500108 kilobytes

Number of errors   :    0 (   0 filtered)
Number of warnings :    3 (   0 filtered)
Number of infos    :    0 (   0 filtered)

